nohup: ignoring input
🚀 Starting Work Order Server...
2025/12/15 21:56:35 Database connected successfully
Database connected successfully
[GIN-debug] [WARNING] Creating an Engine instance with the Logger and Recovery middleware already attached.

[GIN-debug] [WARNING] Running in "debug" mode. Switch to "release" mode in production.
 - using env:	export GIN_MODE=release
 - using code:	gin.SetMode(gin.ReleaseMode)

[GIN-debug] GET    /static/*filepath         --> github.com/gin-gonic/gin.(*RouterGroup).createStaticHandler.func1 (4 handlers)
[GIN-debug] HEAD   /static/*filepath         --> github.com/gin-gonic/gin.(*RouterGroup).createStaticHandler.func1 (4 handlers)
[GIN-debug] GET    /src/static/*filepath     --> github.com/gin-gonic/gin.(*RouterGroup).createStaticHandler.func1 (4 handlers)
[GIN-debug] HEAD   /src/static/*filepath     --> github.com/gin-gonic/gin.(*RouterGroup).createStaticHandler.func1 (4 handlers)
[GIN-debug] GET    /                         --> main.setupPageRoutes.func1 (4 handlers)
[GIN-debug] GET    /techguide                --> main.setupPageRoutes.func2 (4 handlers)
[GIN-debug] GET    /src/techguide.html       --> main.setupPageRoutes.func3 (4 handlers)
[GIN-debug] GET    /summary                  --> main.setupPageRoutes.func4 (4 handlers)
[GIN-debug] GET    /src/summary.html         --> main.setupPageRoutes.func5 (4 handlers)
[GIN-debug] GET    /kaizen                   --> main.setupPageRoutes.func6 (4 handlers)
[GIN-debug] GET    /src/kaizen.html          --> main.setupPageRoutes.func7 (4 handlers)
[GIN-debug] GET    /api/members              --> teamitmivhs/work-order-backend/controllers.GetMembersHandler (4 handlers)
[GIN-debug] POST   /api/workorders           --> teamitmivhs/work-order-backend/controllers.(*WorkOrderController).CreateTaskHandler-fm (4 handlers)
[GIN-debug] GET    /api/workorders           --> teamitmivhs/work-order-backend/controllers.(*WorkOrderController).GetTaskListHandler-fm (4 handlers)
[GIN-debug] POST   /api/workorders/:id/take  --> teamitmivhs/work-order-backend/controllers.(*WorkOrderController).TakeOrderHandler-fm (4 handlers)
[GIN-debug] PATCH  /api/workorders/:id/complete --> teamitmivhs/work-order-backend/controllers.(*WorkOrderController).CompleteOrderHandler-fm (4 handlers)
[GIN-debug] DELETE /api/workorders/:id       --> teamitmivhs/work-order-backend/controllers.(*WorkOrderController).DeleteOrderHandler-fm (4 handlers)
[GIN-debug] POST   /api/register             --> teamitmivhs/work-order-backend/controllers.Register (4 handlers)
[GIN-debug] POST   /api/login                --> teamitmivhs/work-order-backend/controllers.Login (4 handlers)
Server starting on port 8080
Frontend available at: http://localhost:8080
Summary page: http://localhost:8080/summary
Kaizen page: http://localhost:8080/kaizen
TechGuide page: http://localhost:8080/techguide

[GIN-debug] [WARNING] You trusted all proxies, this is NOT safe. We recommend you to set a value.
Please check https://pkg.go.dev/github.com/gin-gonic/gin#readme-don-t-trust-all-proxies for details.
[GIN-debug] Listening and serving HTTP on :8080
[GIN] 2025/12/15 - 21:56:48 | 500 |     824.249µs |             ::1 | POST     "/api/workorders"
[GIN] 2025/12/15 - 21:57:49 | 500 |     685.375µs |             ::1 | POST     "/api/workorders"
[GIN] 2025/12/16 - 05:38:15 | 304 |      78.839µs |             ::1 | GET      "/"
[GIN] 2025/12/16 - 05:38:15 | 304 |      51.102µs |             ::1 | GET      "/static/assets/style.css"
[GIN] 2025/12/16 - 05:38:15 | 304 |      23.359µs |             ::1 | GET      "/src/static/public/alvaro.png"
[GIN] 2025/12/16 - 05:38:15 | 304 |      49.585µs |             ::1 | GET      "/static/public/itlogo.png"
[GIN] 2025/12/16 - 05:38:15 | 304 |      35.283µs |             ::1 | GET      "/.well-known/appspecific/com.chrome.devtools.json"
[GIN] 2025/12/16 - 05:38:15 | 200 |    1.506978ms |             ::1 | GET      "/static/assets/script.js"
[GIN] 2025/12/16 - 05:38:15 | 200 |    1.266603ms |             ::1 | GET      "/api/members"
[GIN] 2025/12/16 - 05:38:16 | 304 |      79.858µs |             ::1 | GET      "/favicon.ico"
[GIN] 2025/12/16 - 05:38:16 | 200 |      504.99µs |             ::1 | GET      "/api/workorders"
[GIN] 2025/12/16 - 05:38:23 | 500 |     745.906µs |             ::1 | POST     "/api/workorders"
[GIN] 2025/12/16 - 05:38:25 | 500 |     825.331µs |             ::1 | POST     "/api/workorders"
[GIN] 2025/12/16 - 05:38:27 | 500 |     792.606µs |             ::1 | POST     "/api/workorders"
[GIN] 2025/12/16 - 05:38:33 | 200 |     100.539µs |             ::1 | GET      "/static/public/aldi.png"
[GIN] 2025/12/16 - 05:38:33 | 200 |      35.845µs |             ::1 | GET      "/static/public/raditya.png"
[GIN] 2025/12/16 - 05:38:33 | 200 |      73.352µs |             ::1 | GET      "/static/public/azzam.png"
[GIN] 2025/12/16 - 05:38:33 | 304 |      31.183µs |             ::1 | GET      "/static/public/ghani.png"
[GIN] 2025/12/16 - 05:38:33 | 200 |     319.448µs |             ::1 | GET      "/static/public/gilang.png"
[GIN] 2025/12/16 - 05:38:33 | 200 |     219.354µs |             ::1 | GET      "/static/public/charis.png"
[GIN] 2025/12/16 - 05:38:33 | 304 |      13.114µs |             ::1 | GET      "/static/public/akbar.png"
[GIN] 2025/12/16 - 05:38:33 | 200 |      26.096µs |             ::1 | GET      "/static/public/ghoni.png"
[GIN] 2025/12/16 - 05:38:33 | 200 |      33.733µs |             ::1 | GET      "/static/public/ridwan.png"
[GIN] 2025/12/16 - 05:38:33 | 304 |       10.64µs |             ::1 | GET      "/static/public/alvaro.png"
[GIN] 2025/12/16 - 05:38:33 | 304 |      10.691µs |             ::1 | GET      "/static/public/dzaky.png"
[GIN] 2025/12/16 - 05:38:33 | 304 |      10.041µs |             ::1 | GET      "/static/public/maynaldi.png"
[GIN] 2025/12/16 - 05:38:33 | 200 |      23.403µs |             ::1 | GET      "/static/public/riva.png"
[GIN] 2025/12/16 - 05:38:33 | 200 |      71.248µs |             ::1 | GET      "/static/public/farel.png"
[GIN] 2025/12/16 - 05:38:33 | 304 |       7.972µs |             ::1 | GET      "/static/public/faa'iz.png"
[GIN] 2025/12/16 - 05:38:33 | 304 |      14.632µs |             ::1 | GET      "/static/public/royan.png"
[GIN] 2025/12/16 - 05:38:33 | 304 |       15.91µs |             ::1 | GET      "/static/public/reyhansyah.png"
[GIN] 2025/12/16 - 05:38:33 | 200 |      56.101µs |             ::1 | GET      "/static/public/naufal.png"
[GIN] 2025/12/16 - 05:38:33 | 200 |      24.849µs |             ::1 | GET      "/static/public/rizki.png"
[GIN] 2025/12/16 - 05:38:33 | 200 |      15.952µs |             ::1 | GET      "/static/public/althaf.png"
[GIN] 2025/12/16 - 05:38:33 | 304 |      17.243µs |             ::1 | GET      "/static/public/dzakiyya.png"
[GIN] 2025/12/16 - 05:38:33 | 200 |      25.586µs |             ::1 | GET      "/static/public/desvita.png"
[GIN] 2025/12/16 - 05:38:33 | 304 |      16.899µs |             ::1 | GET      "/static/public/qiara.png"
[GIN] 2025/12/16 - 05:38:33 | 304 |      15.979µs |             ::1 | GET      "/static/public/purnomo.png"
[GIN] 2025/12/16 - 05:38:33 | 304 |      30.286µs |             ::1 | GET      "/static/public/thoriq.png"
[GIN] 2025/12/16 - 05:38:33 | 304 |       15.09µs |             ::1 | GET      "/static/public/chelsea.png"
[GIN] 2025/12/16 - 05:38:33 | 304 |      12.656µs |             ::1 | GET      "/static/public/nabil.png"
[GIN] 2025/12/16 - 05:38:33 | 304 |       7.487µs |             ::1 | GET      "/static/public/wildan.png"
[GIN] 2025/12/16 - 05:38:33 | 304 |       11.04µs |             ::1 | GET      "/static/public/gian.png"
[GIN] 2025/12/16 - 05:38:33 | 200 |     247.677µs |             ::1 | GET      "/static/public/willy.png"
[GIN] 2025/12/16 - 05:38:33 | 304 |      30.129µs |             ::1 | GET      "/static/public/pramadani.png"
[GIN] 2025/12/16 - 05:38:33 | 304 |      99.479µs |             ::1 | GET      "/static/public/aira.png"
[GIN] 2025/12/16 - 05:38:33 | 304 |      34.482µs |             ::1 | GET      "/static/public/azka.png"
[GIN] 2025/12/16 - 05:38:33 | 304 |      17.529µs |             ::1 | GET      "/static/public/ihsan.png"
[GIN] 2025/12/16 - 05:38:33 | 304 |      17.718µs |             ::1 | GET      "/static/public/dhimas.png"
[GIN] 2025/12/16 - 05:38:33 | 304 |       20.67µs |             ::1 | GET      "/static/public/raissya.png"
[GIN] 2025/12/16 - 05:38:43 | 304 |      62.207µs |             ::1 | GET      "/static/public/reyhansyah.png"
